{"uid":"d30f6d63410df5c4","name":"test_given_sdcore_terraform_module_when_deploy_then_status_is_active","fullName":"tests.integration.test_integration.TestSDCoreBundle#test_given_sdcore_terraform_module_when_deploy_then_status_is_active","historyId":"5abf18a073330975d0499b6d3bc096cd","time":{"start":1742959281782,"stop":1742960588349,"duration":1306567},"status":"broken","statusMessage":"TimeoutError: Timed out waiting for Juju model to be ready!","statusTrace":"Traceback (most recent call last):\n  File \"/home/ubuntu/actions-runner/_work/sdcore-tests/sdcore-tests/.tox/integration/lib/python3.10/site-packages/_pytest/runner.py\", line 341, in from_call\n    result: TResult | None = func()\n  File \"/home/ubuntu/actions-runner/_work/sdcore-tests/sdcore-tests/.tox/integration/lib/python3.10/site-packages/_pytest/runner.py\", line 242, in <lambda>\n    lambda: runtest_hook(item=item, **kwds), when=when, reraise=reraise\n  File \"/home/ubuntu/actions-runner/_work/sdcore-tests/sdcore-tests/.tox/integration/lib/python3.10/site-packages/pluggy/_hooks.py\", line 513, in __call__\n    return self._hookexec(self.name, self._hookimpls.copy(), kwargs, firstresult)\n  File \"/home/ubuntu/actions-runner/_work/sdcore-tests/sdcore-tests/.tox/integration/lib/python3.10/site-packages/pluggy/_manager.py\", line 120, in _hookexec\n    return self._inner_hookexec(hook_name, methods, kwargs, firstresult)\n  File \"/home/ubuntu/actions-runner/_work/sdcore-tests/sdcore-tests/.tox/integration/lib/python3.10/site-packages/pluggy/_callers.py\", line 182, in _multicall\n    return outcome.get_result()\n  File \"/home/ubuntu/actions-runner/_work/sdcore-tests/sdcore-tests/.tox/integration/lib/python3.10/site-packages/pluggy/_result.py\", line 100, in get_result\n    raise exc.with_traceback(exc.__traceback__)\n  File \"/home/ubuntu/actions-runner/_work/sdcore-tests/sdcore-tests/.tox/integration/lib/python3.10/site-packages/pluggy/_callers.py\", line 167, in _multicall\n    teardown.throw(outcome._exception)\n  File \"/home/ubuntu/actions-runner/_work/sdcore-tests/sdcore-tests/.tox/integration/lib/python3.10/site-packages/_pytest/threadexception.py\", line 92, in pytest_runtest_call\n    yield from thread_exception_runtest_hook()\n  File \"/home/ubuntu/actions-runner/_work/sdcore-tests/sdcore-tests/.tox/integration/lib/python3.10/site-packages/_pytest/threadexception.py\", line 68, in thread_exception_runtest_hook\n    yield\n  File \"/home/ubuntu/actions-runner/_work/sdcore-tests/sdcore-tests/.tox/integration/lib/python3.10/site-packages/pluggy/_callers.py\", line 167, in _multicall\n    teardown.throw(outcome._exception)\n  File \"/home/ubuntu/actions-runner/_work/sdcore-tests/sdcore-tests/.tox/integration/lib/python3.10/site-packages/_pytest/unraisableexception.py\", line 95, in pytest_runtest_call\n    yield from unraisable_exception_runtest_hook()\n  File \"/home/ubuntu/actions-runner/_work/sdcore-tests/sdcore-tests/.tox/integration/lib/python3.10/site-packages/_pytest/unraisableexception.py\", line 70, in unraisable_exception_runtest_hook\n    yield\n  File \"/home/ubuntu/actions-runner/_work/sdcore-tests/sdcore-tests/.tox/integration/lib/python3.10/site-packages/pluggy/_callers.py\", line 167, in _multicall\n    teardown.throw(outcome._exception)\n  File \"/home/ubuntu/actions-runner/_work/sdcore-tests/sdcore-tests/.tox/integration/lib/python3.10/site-packages/_pytest/logging.py\", line 846, in pytest_runtest_call\n    yield from self._runtest_for(item, \"call\")\n  File \"/home/ubuntu/actions-runner/_work/sdcore-tests/sdcore-tests/.tox/integration/lib/python3.10/site-packages/_pytest/logging.py\", line 829, in _runtest_for\n    yield\n  File \"/home/ubuntu/actions-runner/_work/sdcore-tests/sdcore-tests/.tox/integration/lib/python3.10/site-packages/pluggy/_callers.py\", line 167, in _multicall\n    teardown.throw(outcome._exception)\n  File \"/home/ubuntu/actions-runner/_work/sdcore-tests/sdcore-tests/.tox/integration/lib/python3.10/site-packages/_pytest/capture.py\", line 898, in pytest_runtest_call\n    return (yield)\n  File \"/home/ubuntu/actions-runner/_work/sdcore-tests/sdcore-tests/.tox/integration/lib/python3.10/site-packages/pluggy/_callers.py\", line 167, in _multicall\n    teardown.throw(outcome._exception)\n  File \"/home/ubuntu/actions-runner/_work/sdcore-tests/sdcore-tests/.tox/integration/lib/python3.10/site-packages/_pytest/skipping.py\", line 257, in pytest_runtest_call\n    return (yield)\n  File \"/home/ubuntu/actions-runner/_work/sdcore-tests/sdcore-tests/.tox/integration/lib/python3.10/site-packages/pluggy/_callers.py\", line 103, in _multicall\n    res = hook_impl.function(*args)\n  File \"/home/ubuntu/actions-runner/_work/sdcore-tests/sdcore-tests/.tox/integration/lib/python3.10/site-packages/_pytest/runner.py\", line 174, in pytest_runtest_call\n    item.runtest()\n  File \"/home/ubuntu/actions-runner/_work/sdcore-tests/sdcore-tests/.tox/integration/lib/python3.10/site-packages/_pytest/python.py\", line 1627, in runtest\n    self.ihook.pytest_pyfunc_call(pyfuncitem=self)\n  File \"/home/ubuntu/actions-runner/_work/sdcore-tests/sdcore-tests/.tox/integration/lib/python3.10/site-packages/pluggy/_hooks.py\", line 513, in __call__\n    return self._hookexec(self.name, self._hookimpls.copy(), kwargs, firstresult)\n  File \"/home/ubuntu/actions-runner/_work/sdcore-tests/sdcore-tests/.tox/integration/lib/python3.10/site-packages/pluggy/_manager.py\", line 120, in _hookexec\n    return self._inner_hookexec(hook_name, methods, kwargs, firstresult)\n  File \"/home/ubuntu/actions-runner/_work/sdcore-tests/sdcore-tests/.tox/integration/lib/python3.10/site-packages/pluggy/_callers.py\", line 182, in _multicall\n    return outcome.get_result()\n  File \"/home/ubuntu/actions-runner/_work/sdcore-tests/sdcore-tests/.tox/integration/lib/python3.10/site-packages/pluggy/_result.py\", line 100, in get_result\n    raise exc.with_traceback(exc.__traceback__)\n  File \"/home/ubuntu/actions-runner/_work/sdcore-tests/sdcore-tests/.tox/integration/lib/python3.10/site-packages/pluggy/_callers.py\", line 103, in _multicall\n    res = hook_impl.function(*args)\n  File \"/home/ubuntu/actions-runner/_work/sdcore-tests/sdcore-tests/.tox/integration/lib/python3.10/site-packages/_pytest/python.py\", line 159, in pytest_pyfunc_call\n    result = testfunction(**testargs)\n  File \"/home/ubuntu/actions-runner/_work/sdcore-tests/sdcore-tests/.tox/integration/lib/python3.10/site-packages/pytest_asyncio/plugin.py\", line 529, in inner\n    _loop.run_until_complete(task)\n  File \"/usr/lib/python3.10/asyncio/base_events.py\", line 649, in run_until_complete\n    return future.result()\n  File \"/home/ubuntu/actions-runner/_work/sdcore-tests/sdcore-tests/tests/integration/test_integration.py\", line 46, in test_given_sdcore_terraform_module_when_deploy_then_status_is_active\n    juju_helper.juju_wait_for_active_idle(model_name=SDCORE_MODEL_NAME, timeout=900)\n  File \"/home/ubuntu/actions-runner/_work/sdcore-tests/sdcore-tests/tests/integration/juju_helper.py\", line 61, in juju_wait_for_active_idle\n    raise TimeoutError(\"Timed out waiting for Juju model to be ready!\")\nTimeoutError: Timed out waiting for Juju model to be ready!","flaky":false,"newFailed":false,"newBroken":true,"newPassed":false,"retriesCount":0,"retriesStatusChange":false,"beforeStages":[{"name":"event_loop","time":{"start":1742959280684,"stop":1742959280685,"duration":1},"status":"passed","steps":[],"attachments":[],"parameters":[],"shouldDisplayMessage":false,"stepsCount":0,"attachmentsCount":0,"hasContent":false,"attachmentStep":false},{"name":"_xunit_setup_class_fixture_TestSDCoreBundle","time":{"start":1742959280685,"stop":1742959281781,"duration":1096},"status":"passed","steps":[],"attachments":[],"parameters":[],"shouldDisplayMessage":false,"stepsCount":0,"attachmentsCount":0,"hasContent":false,"attachmentStep":false},{"name":"abort_on_fail","time":{"start":1742959281781,"stop":1742959281781,"duration":0},"status":"passed","steps":[],"attachments":[],"parameters":[],"shouldDisplayMessage":false,"stepsCount":0,"attachmentsCount":0,"hasContent":false,"attachmentStep":false}],"testStage":{"status":"broken","statusMessage":"TimeoutError: Timed out waiting for Juju model to be ready!","statusTrace":"Traceback (most recent call last):\n  File \"/home/ubuntu/actions-runner/_work/sdcore-tests/sdcore-tests/.tox/integration/lib/python3.10/site-packages/_pytest/runner.py\", line 341, in from_call\n    result: TResult | None = func()\n  File \"/home/ubuntu/actions-runner/_work/sdcore-tests/sdcore-tests/.tox/integration/lib/python3.10/site-packages/_pytest/runner.py\", line 242, in <lambda>\n    lambda: runtest_hook(item=item, **kwds), when=when, reraise=reraise\n  File \"/home/ubuntu/actions-runner/_work/sdcore-tests/sdcore-tests/.tox/integration/lib/python3.10/site-packages/pluggy/_hooks.py\", line 513, in __call__\n    return self._hookexec(self.name, self._hookimpls.copy(), kwargs, firstresult)\n  File \"/home/ubuntu/actions-runner/_work/sdcore-tests/sdcore-tests/.tox/integration/lib/python3.10/site-packages/pluggy/_manager.py\", line 120, in _hookexec\n    return self._inner_hookexec(hook_name, methods, kwargs, firstresult)\n  File \"/home/ubuntu/actions-runner/_work/sdcore-tests/sdcore-tests/.tox/integration/lib/python3.10/site-packages/pluggy/_callers.py\", line 182, in _multicall\n    return outcome.get_result()\n  File \"/home/ubuntu/actions-runner/_work/sdcore-tests/sdcore-tests/.tox/integration/lib/python3.10/site-packages/pluggy/_result.py\", line 100, in get_result\n    raise exc.with_traceback(exc.__traceback__)\n  File \"/home/ubuntu/actions-runner/_work/sdcore-tests/sdcore-tests/.tox/integration/lib/python3.10/site-packages/pluggy/_callers.py\", line 167, in _multicall\n    teardown.throw(outcome._exception)\n  File \"/home/ubuntu/actions-runner/_work/sdcore-tests/sdcore-tests/.tox/integration/lib/python3.10/site-packages/_pytest/threadexception.py\", line 92, in pytest_runtest_call\n    yield from thread_exception_runtest_hook()\n  File \"/home/ubuntu/actions-runner/_work/sdcore-tests/sdcore-tests/.tox/integration/lib/python3.10/site-packages/_pytest/threadexception.py\", line 68, in thread_exception_runtest_hook\n    yield\n  File \"/home/ubuntu/actions-runner/_work/sdcore-tests/sdcore-tests/.tox/integration/lib/python3.10/site-packages/pluggy/_callers.py\", line 167, in _multicall\n    teardown.throw(outcome._exception)\n  File \"/home/ubuntu/actions-runner/_work/sdcore-tests/sdcore-tests/.tox/integration/lib/python3.10/site-packages/_pytest/unraisableexception.py\", line 95, in pytest_runtest_call\n    yield from unraisable_exception_runtest_hook()\n  File \"/home/ubuntu/actions-runner/_work/sdcore-tests/sdcore-tests/.tox/integration/lib/python3.10/site-packages/_pytest/unraisableexception.py\", line 70, in unraisable_exception_runtest_hook\n    yield\n  File \"/home/ubuntu/actions-runner/_work/sdcore-tests/sdcore-tests/.tox/integration/lib/python3.10/site-packages/pluggy/_callers.py\", line 167, in _multicall\n    teardown.throw(outcome._exception)\n  File \"/home/ubuntu/actions-runner/_work/sdcore-tests/sdcore-tests/.tox/integration/lib/python3.10/site-packages/_pytest/logging.py\", line 846, in pytest_runtest_call\n    yield from self._runtest_for(item, \"call\")\n  File \"/home/ubuntu/actions-runner/_work/sdcore-tests/sdcore-tests/.tox/integration/lib/python3.10/site-packages/_pytest/logging.py\", line 829, in _runtest_for\n    yield\n  File \"/home/ubuntu/actions-runner/_work/sdcore-tests/sdcore-tests/.tox/integration/lib/python3.10/site-packages/pluggy/_callers.py\", line 167, in _multicall\n    teardown.throw(outcome._exception)\n  File \"/home/ubuntu/actions-runner/_work/sdcore-tests/sdcore-tests/.tox/integration/lib/python3.10/site-packages/_pytest/capture.py\", line 898, in pytest_runtest_call\n    return (yield)\n  File \"/home/ubuntu/actions-runner/_work/sdcore-tests/sdcore-tests/.tox/integration/lib/python3.10/site-packages/pluggy/_callers.py\", line 167, in _multicall\n    teardown.throw(outcome._exception)\n  File \"/home/ubuntu/actions-runner/_work/sdcore-tests/sdcore-tests/.tox/integration/lib/python3.10/site-packages/_pytest/skipping.py\", line 257, in pytest_runtest_call\n    return (yield)\n  File \"/home/ubuntu/actions-runner/_work/sdcore-tests/sdcore-tests/.tox/integration/lib/python3.10/site-packages/pluggy/_callers.py\", line 103, in _multicall\n    res = hook_impl.function(*args)\n  File \"/home/ubuntu/actions-runner/_work/sdcore-tests/sdcore-tests/.tox/integration/lib/python3.10/site-packages/_pytest/runner.py\", line 174, in pytest_runtest_call\n    item.runtest()\n  File \"/home/ubuntu/actions-runner/_work/sdcore-tests/sdcore-tests/.tox/integration/lib/python3.10/site-packages/_pytest/python.py\", line 1627, in runtest\n    self.ihook.pytest_pyfunc_call(pyfuncitem=self)\n  File \"/home/ubuntu/actions-runner/_work/sdcore-tests/sdcore-tests/.tox/integration/lib/python3.10/site-packages/pluggy/_hooks.py\", line 513, in __call__\n    return self._hookexec(self.name, self._hookimpls.copy(), kwargs, firstresult)\n  File \"/home/ubuntu/actions-runner/_work/sdcore-tests/sdcore-tests/.tox/integration/lib/python3.10/site-packages/pluggy/_manager.py\", line 120, in _hookexec\n    return self._inner_hookexec(hook_name, methods, kwargs, firstresult)\n  File \"/home/ubuntu/actions-runner/_work/sdcore-tests/sdcore-tests/.tox/integration/lib/python3.10/site-packages/pluggy/_callers.py\", line 182, in _multicall\n    return outcome.get_result()\n  File \"/home/ubuntu/actions-runner/_work/sdcore-tests/sdcore-tests/.tox/integration/lib/python3.10/site-packages/pluggy/_result.py\", line 100, in get_result\n    raise exc.with_traceback(exc.__traceback__)\n  File \"/home/ubuntu/actions-runner/_work/sdcore-tests/sdcore-tests/.tox/integration/lib/python3.10/site-packages/pluggy/_callers.py\", line 103, in _multicall\n    res = hook_impl.function(*args)\n  File \"/home/ubuntu/actions-runner/_work/sdcore-tests/sdcore-tests/.tox/integration/lib/python3.10/site-packages/_pytest/python.py\", line 159, in pytest_pyfunc_call\n    result = testfunction(**testargs)\n  File \"/home/ubuntu/actions-runner/_work/sdcore-tests/sdcore-tests/.tox/integration/lib/python3.10/site-packages/pytest_asyncio/plugin.py\", line 529, in inner\n    _loop.run_until_complete(task)\n  File \"/usr/lib/python3.10/asyncio/base_events.py\", line 649, in run_until_complete\n    return future.result()\n  File \"/home/ubuntu/actions-runner/_work/sdcore-tests/sdcore-tests/tests/integration/test_integration.py\", line 46, in test_given_sdcore_terraform_module_when_deploy_then_status_is_active\n    juju_helper.juju_wait_for_active_idle(model_name=SDCORE_MODEL_NAME, timeout=900)\n  File \"/home/ubuntu/actions-runner/_work/sdcore-tests/sdcore-tests/tests/integration/juju_helper.py\", line 61, in juju_wait_for_active_idle\n    raise TimeoutError(\"Timed out waiting for Juju model to be ready!\")\nTimeoutError: Timed out waiting for Juju model to be ready!","steps":[],"attachments":[{"uid":"39c2d5599c659559","name":"log","source":"39c2d5599c659559.txt","type":"text/plain","size":124214}],"parameters":[],"shouldDisplayMessage":true,"stepsCount":0,"attachmentsCount":1,"hasContent":true,"attachmentStep":false},"afterStages":[{"name":"abort_on_fail::0","time":{"start":1742960588355,"stop":1742960588355,"duration":0},"status":"passed","steps":[],"attachments":[],"parameters":[],"shouldDisplayMessage":false,"stepsCount":0,"attachmentsCount":0,"hasContent":false,"attachmentStep":false},{"name":"_xunit_setup_class_fixture_TestSDCoreBundle::0","time":{"start":1742960848473,"stop":1742960848473,"duration":0},"status":"passed","steps":[],"attachments":[],"parameters":[],"shouldDisplayMessage":false,"stepsCount":0,"attachmentsCount":0,"hasContent":false,"attachmentStep":false},{"name":"event_loop::2","time":{"start":1742960848474,"stop":1742960848474,"duration":0},"status":"passed","steps":[],"attachments":[],"parameters":[],"shouldDisplayMessage":false,"stepsCount":0,"attachmentsCount":0,"hasContent":false,"attachmentStep":false},{"name":"event_loop::_close_event_loop","time":{"start":1742960848474,"stop":1742960848474,"duration":0},"status":"passed","steps":[],"attachments":[],"parameters":[],"shouldDisplayMessage":false,"stepsCount":0,"attachmentsCount":0,"hasContent":false,"attachmentStep":false},{"name":"event_loop::_provide_clean_event_loop","time":{"start":1742960848474,"stop":1742960848474,"duration":0},"status":"passed","steps":[],"attachments":[],"parameters":[],"shouldDisplayMessage":false,"stepsCount":0,"attachmentsCount":0,"hasContent":false,"attachmentStep":false}],"labels":[{"name":"tag","value":"abort_on_fail"},{"name":"tag","value":"asyncio"},{"name":"parentSuite","value":"tests.integration"},{"name":"suite","value":"test_integration"},{"name":"subSuite","value":"TestSDCoreBundle"},{"name":"host","value":"github-runner"},{"name":"thread","value":"25699-MainThread"},{"name":"framework","value":"pytest"},{"name":"language","value":"cpython3"},{"name":"package","value":"tests.integration.test_integration"},{"name":"resultFormat","value":"allure2"}],"parameters":[],"links":[],"hidden":false,"retry":false,"extra":{"severity":"normal","retries":[],"categories":[{"name":"Test defects","matchedStatuses":[],"flaky":false}],"history":{"statistic":{"failed":0,"broken":8,"skipped":0,"passed":30,"unknown":0,"total":38},"items":[{"uid":"213dffce2550b1d1","reportUrl":"https://canonical.github.io/sdcore-tests/2352//#testresult/213dffce2550b1d1","status":"passed","time":{"start":1742956647736,"stop":1742957285265,"duration":637529}},{"uid":"38c4c43692e4b621","reportUrl":"https://canonical.github.io/sdcore-tests/2351//#testresult/38c4c43692e4b621","status":"passed","time":{"start":1742870490714,"stop":1742871125669,"duration":634955}},{"uid":"8c0b08efd0dc2913","reportUrl":"https://canonical.github.io/sdcore-tests/2350//#testresult/8c0b08efd0dc2913","status":"passed","time":{"start":1742800207685,"stop":1742800654230,"duration":446545}},{"uid":"907a3f17eb7b93e7","reportUrl":"https://canonical.github.io/sdcore-tests/2349//#testresult/907a3f17eb7b93e7","status":"passed","time":{"start":1742697119427,"stop":1742697581644,"duration":462217}},{"uid":"845b836979bac3b8","reportUrl":"https://canonical.github.io/sdcore-tests/2348//#testresult/845b836979bac3b8","status":"passed","time":{"start":1742610546410,"stop":1742611017857,"duration":471447}},{"uid":"c8b99e642134a90b","reportUrl":"https://canonical.github.io/sdcore-tests/2347//#testresult/c8b99e642134a90b","status":"passed","time":{"start":1742565847139,"stop":1742566677045,"duration":829906}},{"uid":"9f295933474e3428","reportUrl":"https://canonical.github.io/sdcore-tests/2347//#testresult/9f295933474e3428","status":"broken","statusDetails":"TimeoutError: Timed out waiting for Juju model to be ready!","time":{"start":1742524257978,"stop":1742525443953,"duration":1185975}},{"uid":"dfa25cb6ca5000ef","reportUrl":"https://canonical.github.io/sdcore-tests/2346//#testresult/dfa25cb6ca5000ef","status":"passed","time":{"start":1742437799787,"stop":1742438261571,"duration":461784}},{"uid":"e6ae4fc6d6cea592","reportUrl":"https://canonical.github.io/sdcore-tests/2345//#testresult/e6ae4fc6d6cea592","status":"passed","time":{"start":1742351476450,"stop":1742352207525,"duration":731075}},{"uid":"d2abc8784f3c4b9d","reportUrl":"https://canonical.github.io/sdcore-tests/2344//#testresult/d2abc8784f3c4b9d","status":"passed","time":{"start":1742347364597,"stop":1742348223815,"duration":859218}},{"uid":"955cac0ab770d323","reportUrl":"https://canonical.github.io/sdcore-tests/2342//#testresult/955cac0ab770d323","status":"passed","time":{"start":1742291996442,"stop":1742292445640,"duration":449198}},{"uid":"6546032555138e43","reportUrl":"https://canonical.github.io/sdcore-tests/2341//#testresult/6546032555138e43","status":"passed","time":{"start":1742005712099,"stop":1742006114775,"duration":402676}},{"uid":"a289f55f208fec95","reportUrl":"https://canonical.github.io/sdcore-tests/2340//#testresult/a289f55f208fec95","status":"passed","time":{"start":1741958008881,"stop":1741958471852,"duration":462971}},{"uid":"955433c93474be3","reportUrl":"https://canonical.github.io/sdcore-tests/2338//#testresult/955433c93474be3","status":"passed","time":{"start":1741956902963,"stop":1741957376532,"duration":473569}},{"uid":"ab702326a29e3768","reportUrl":"https://canonical.github.io/sdcore-tests/2335//#testresult/ab702326a29e3768","status":"passed","time":{"start":1741921174443,"stop":1741921627695,"duration":453252}},{"uid":"c80b95973717114c","reportUrl":"https://canonical.github.io/sdcore-tests/2331//#testresult/c80b95973717114c","status":"passed","time":{"start":1741832983004,"stop":1741833413601,"duration":430597}},{"uid":"686679a29be8d3c3","reportUrl":"https://canonical.github.io/sdcore-tests/2328//#testresult/686679a29be8d3c3","status":"passed","time":{"start":1741746540096,"stop":1741746984469,"duration":444373}},{"uid":"83ee336c11c159b1","reportUrl":"https://canonical.github.io/sdcore-tests/2322//#testresult/83ee336c11c159b1","status":"passed","time":{"start":1741660286445,"stop":1741660724885,"duration":438440}},{"uid":"88b1ed6734289158","reportUrl":"https://canonical.github.io/sdcore-tests/2321//#testresult/88b1ed6734289158","status":"passed","time":{"start":1741573086187,"stop":1741573488597,"duration":402410}},{"uid":"715c4cd33232356d","reportUrl":"https://canonical.github.io/sdcore-tests/2320//#testresult/715c4cd33232356d","status":"passed","time":{"start":1741486636813,"stop":1741487068348,"duration":431535}}]},"tags":["asyncio","abort_on_fail"]},"source":"d30f6d63410df5c4.json","parameterValues":[]}